<?xml version="1.0" encoding="GBK" standalone="no"?>
<!DOCTYPE log SYSTEM "logger.dtd">
<log>
<record>
  <date>2024-07-22T12:46:17</date>
  <millis>1721666777662</millis>
  <sequence>776</sequence>
  <logger>com.group_finity.mascot.config.BehaviorBuilder</logger>
  <level>INFO</level>
  <class>com.group_finity.mascot.config.BehaviorBuilder</class>
  <method>&lt;init&gt;</method>
  <thread>1</thread>
  <message>Behaviors have finished loading(Behavior(WalkRightAlongIEAndJump,100,WalkRightAlongIEAndJump))</message>
</record>
<record>
  <date>2024-07-22T12:46:17</date>
  <millis>1721666777662</millis>
  <sequence>777</sequence>
  <logger>com.group_finity.mascot.config.BehaviorBuilder</logger>
  <level>INFO</level>
  <class>com.group_finity.mascot.config.BehaviorBuilder</class>
  <method>&lt;init&gt;</method>
  <thread>1</thread>
  <message>Start Reading(Behavior(HoldOntoIEWall,100,HoldOntoIEWall))</message>
</record>
<record>
  <date>2024-07-22T12:46:17</date>
  <millis>1721666777662</millis>
  <sequence>778</sequence>
  <logger>com.group_finity.mascot.config.BehaviorBuilder</logger>
  <level>INFO</level>
  <class>com.group_finity.mascot.config.BehaviorBuilder</class>
  <method>&lt;init&gt;</method>
  <thread>1</thread>
  <message>Behaviors have finished loading(Behavior(HoldOntoIEWall,100,HoldOntoIEWall))</message>
</record>
<record>
  <date>2024-07-22T12:46:17</date>
  <millis>1721666777662</millis>
  <sequence>779</sequence>
  <logger>com.group_finity.mascot.config.BehaviorBuilder</logger>
  <level>INFO</level>
  <class>com.group_finity.mascot.config.BehaviorBuilder</class>
  <method>&lt;init&gt;</method>
  <thread>1</thread>
  <message>Start Reading(Behavior(ClimbIEWall,100,ClimbIEWall))</message>
</record>
<record>
  <date>2024-07-22T12:46:17</date>
  <millis>1721666777662</millis>
  <sequence>780</sequence>
  <logger>com.group_finity.mascot.config.BehaviorBuilder</logger>
  <level>INFO</level>
  <class>com.group_finity.mascot.config.BehaviorBuilder</class>
  <method>&lt;init&gt;</method>
  <thread>1</thread>
  <message>Behaviors have finished loading(Behavior(ClimbIEWall,100,ClimbIEWall))</message>
</record>
<record>
  <date>2024-07-22T12:46:17</date>
  <millis>1721666777662</millis>
  <sequence>781</sequence>
  <logger>com.group_finity.mascot.config.BehaviorBuilder</logger>
  <level>INFO</level>
  <class>com.group_finity.mascot.config.BehaviorBuilder</class>
  <method>&lt;init&gt;</method>
  <thread>1</thread>
  <message>Start Reading(Behavior(ClimbIEBottom,100,ClimbIEBottom))</message>
</record>
<record>
  <date>2024-07-22T12:46:17</date>
  <millis>1721666777662</millis>
  <sequence>782</sequence>
  <logger>com.group_finity.mascot.config.BehaviorBuilder</logger>
  <level>INFO</level>
  <class>com.group_finity.mascot.config.BehaviorBuilder</class>
  <method>&lt;init&gt;</method>
  <thread>1</thread>
  <message>Behaviors have finished loading(Behavior(ClimbIEBottom,100,ClimbIEBottom))</message>
</record>
<record>
  <date>2024-07-22T12:46:17</date>
  <millis>1721666777662</millis>
  <sequence>783</sequence>
  <logger>com.group_finity.mascot.config.BehaviorBuilder</logger>
  <level>INFO</level>
  <class>com.group_finity.mascot.config.BehaviorBuilder</class>
  <method>&lt;init&gt;</method>
  <thread>1</thread>
  <message>Start Reading(Behavior(GrabIEBottomLeftWall,100,GrabIEBottomLeftWall))</message>
</record>
<record>
  <date>2024-07-22T12:46:17</date>
  <millis>1721666777662</millis>
  <sequence>784</sequence>
  <logger>com.group_finity.mascot.config.BehaviorBuilder</logger>
  <level>INFO</level>
  <class>com.group_finity.mascot.config.BehaviorBuilder</class>
  <method>&lt;init&gt;</method>
  <thread>1</thread>
  <message>Behaviors have finished loading(Behavior(GrabIEBottomLeftWall,100,GrabIEBottomLeftWall))</message>
</record>
<record>
  <date>2024-07-22T12:46:17</date>
  <millis>1721666777662</millis>
  <sequence>785</sequence>
  <logger>com.group_finity.mascot.config.BehaviorBuilder</logger>
  <level>INFO</level>
  <class>com.group_finity.mascot.config.BehaviorBuilder</class>
  <method>&lt;init&gt;</method>
  <thread>1</thread>
  <message>Start Reading(Behavior(GrabIEBottomRightWall,100,GrabIEBottomRightWall))</message>
</record>
<record>
  <date>2024-07-22T12:46:17</date>
  <millis>1721666777662</millis>
  <sequence>786</sequence>
  <logger>com.group_finity.mascot.config.BehaviorBuilder</logger>
  <level>INFO</level>
  <class>com.group_finity.mascot.config.BehaviorBuilder</class>
  <method>&lt;init&gt;</method>
  <thread>1</thread>
  <message>Behaviors have finished loading(Behavior(GrabIEBottomRightWall,100,GrabIEBottomRightWall))</message>
</record>
<record>
  <date>2024-07-22T12:46:17</date>
  <millis>1721666777664</millis>
  <sequence>787</sequence>
  <logger>com.group_finity.mascot.config.BehaviorBuilder</logger>
  <level>INFO</level>
  <class>com.group_finity.mascot.config.BehaviorBuilder</class>
  <method>&lt;init&gt;</method>
  <thread>1</thread>
  <message>Start Reading(Behavior(JumpFromLeftWall,50,JumpFromLeftWall))</message>
</record>
<record>
  <date>2024-07-22T12:46:17</date>
  <millis>1721666777664</millis>
  <sequence>788</sequence>
  <logger>com.group_finity.mascot.config.BehaviorBuilder</logger>
  <level>INFO</level>
  <class>com.group_finity.mascot.config.BehaviorBuilder</class>
  <method>&lt;init&gt;</method>
  <thread>1</thread>
  <message>Behaviors have finished loading(Behavior(JumpFromLeftWall,50,JumpFromLeftWall))</message>
</record>
<record>
  <date>2024-07-22T12:46:17</date>
  <millis>1721666777664</millis>
  <sequence>789</sequence>
  <logger>com.group_finity.mascot.config.BehaviorBuilder</logger>
  <level>INFO</level>
  <class>com.group_finity.mascot.config.BehaviorBuilder</class>
  <method>&lt;init&gt;</method>
  <thread>1</thread>
  <message>Start Reading(Behavior(JumpFromRightWall,50,JumpFromRightWall))</message>
</record>
<record>
  <date>2024-07-22T12:46:17</date>
  <millis>1721666777664</millis>
  <sequence>790</sequence>
  <logger>com.group_finity.mascot.config.BehaviorBuilder</logger>
  <level>INFO</level>
  <class>com.group_finity.mascot.config.BehaviorBuilder</class>
  <method>&lt;init&gt;</method>
  <thread>1</thread>
  <message>Behaviors have finished loading(Behavior(JumpFromRightWall,50,JumpFromRightWall))</message>
</record>
<record>
  <date>2024-07-22T12:46:17</date>
  <millis>1721666777664</millis>
  <sequence>791</sequence>
  <logger>com.group_finity.mascot.config.BehaviorBuilder</logger>
  <level>INFO</level>
  <class>com.group_finity.mascot.config.BehaviorBuilder</class>
  <method>&lt;init&gt;</method>
  <thread>1</thread>
  <message>Start Reading(Behavior(JumpOnIELeftWall,50,JumpOnIELeftWall))</message>
</record>
<record>
  <date>2024-07-22T12:46:17</date>
  <millis>1721666777664</millis>
  <sequence>792</sequence>
  <logger>com.group_finity.mascot.config.BehaviorBuilder</logger>
  <level>INFO</level>
  <class>com.group_finity.mascot.config.BehaviorBuilder</class>
  <method>&lt;init&gt;</method>
  <thread>1</thread>
  <message>Behaviors have finished loading(Behavior(JumpOnIELeftWall,50,JumpOnIELeftWall))</message>
</record>
<record>
  <date>2024-07-22T12:46:17</date>
  <millis>1721666777664</millis>
  <sequence>793</sequence>
  <logger>com.group_finity.mascot.config.BehaviorBuilder</logger>
  <level>INFO</level>
  <class>com.group_finity.mascot.config.BehaviorBuilder</class>
  <method>&lt;init&gt;</method>
  <thread>1</thread>
  <message>Start Reading(Behavior(JumpOnIERightWall,50,JumpOnIERightWall))</message>
</record>
<record>
  <date>2024-07-22T12:46:17</date>
  <millis>1721666777664</millis>
  <sequence>794</sequence>
  <logger>com.group_finity.mascot.config.BehaviorBuilder</logger>
  <level>INFO</level>
  <class>com.group_finity.mascot.config.BehaviorBuilder</class>
  <method>&lt;init&gt;</method>
  <thread>1</thread>
  <message>Behaviors have finished loading(Behavior(JumpOnIERightWall,50,JumpOnIERightWall))</message>
</record>
<record>
  <date>2024-07-22T12:46:17</date>
  <millis>1721666777664</millis>
  <sequence>795</sequence>
  <logger>com.group_finity.mascot.config.BehaviorBuilder</logger>
  <level>INFO</level>
  <class>com.group_finity.mascot.config.BehaviorBuilder</class>
  <method>&lt;init&gt;</method>
  <thread>1</thread>
  <message>Start Reading(Behavior(ThrowIEFromLeft,20,ThrowIEFromLeft))</message>
</record>
<record>
  <date>2024-07-22T12:46:17</date>
  <millis>1721666777664</millis>
  <sequence>796</sequence>
  <logger>com.group_finity.mascot.config.BehaviorBuilder</logger>
  <level>INFO</level>
  <class>com.group_finity.mascot.config.BehaviorBuilder</class>
  <method>&lt;init&gt;</method>
  <thread>1</thread>
  <message>Behaviors have finished loading(Behavior(ThrowIEFromLeft,20,ThrowIEFromLeft))</message>
</record>
<record>
  <date>2024-07-22T12:46:17</date>
  <millis>1721666777664</millis>
  <sequence>797</sequence>
  <logger>com.group_finity.mascot.config.BehaviorBuilder</logger>
  <level>INFO</level>
  <class>com.group_finity.mascot.config.BehaviorBuilder</class>
  <method>&lt;init&gt;</method>
  <thread>1</thread>
  <message>Start Reading(Behavior(ThrowIEFromRight,20,ThrowIEFromRight))</message>
</record>
<record>
  <date>2024-07-22T12:46:17</date>
  <millis>1721666777664</millis>
  <sequence>798</sequence>
  <logger>com.group_finity.mascot.config.BehaviorBuilder</logger>
  <level>INFO</level>
  <class>com.group_finity.mascot.config.BehaviorBuilder</class>
  <method>&lt;init&gt;</method>
  <thread>1</thread>
  <message>Behaviors have finished loading(Behavior(ThrowIEFromRight,20,ThrowIEFromRight))</message>
</record>
<record>
  <date>2024-07-22T12:46:17</date>
  <millis>1721666777664</millis>
  <sequence>799</sequence>
  <logger>com.group_finity.mascot.config.BehaviorBuilder</logger>
  <level>INFO</level>
  <class>com.group_finity.mascot.config.BehaviorBuilder</class>
  <method>&lt;init&gt;</method>
  <thread>1</thread>
  <message>Start Reading(Behavior(WalkAndThrowIEFromRight,20,WalkAndThrowIEFromRight))</message>
</record>
<record>
  <date>2024-07-22T12:46:17</date>
  <millis>1721666777664</millis>
  <sequence>800</sequence>
  <logger>com.group_finity.mascot.config.BehaviorBuilder</logger>
  <level>INFO</level>
  <class>com.group_finity.mascot.config.BehaviorBuilder</class>
  <method>&lt;init&gt;</method>
  <thread>1</thread>
  <message>Behaviors have finished loading(Behavior(WalkAndThrowIEFromRight,20,WalkAndThrowIEFromRight))</message>
</record>
<record>
  <date>2024-07-22T12:46:17</date>
  <millis>1721666777664</millis>
  <sequence>801</sequence>
  <logger>com.group_finity.mascot.config.BehaviorBuilder</logger>
  <level>INFO</level>
  <class>com.group_finity.mascot.config.BehaviorBuilder</class>
  <method>&lt;init&gt;</method>
  <thread>1</thread>
  <message>Start Reading(Behavior(WalkAndThrowIEFromLeft,20,WalkAndThrowIEFromLeft))</message>
</record>
<record>
  <date>2024-07-22T12:46:17</date>
  <millis>1721666777664</millis>
  <sequence>802</sequence>
  <logger>com.group_finity.mascot.config.BehaviorBuilder</logger>
  <level>INFO</level>
  <class>com.group_finity.mascot.config.BehaviorBuilder</class>
  <method>&lt;init&gt;</method>
  <thread>1</thread>
  <message>Behaviors have finished loading(Behavior(WalkAndThrowIEFromLeft,20,WalkAndThrowIEFromLeft))</message>
</record>
<record>
  <date>2024-07-22T12:46:17</date>
  <millis>1721666777664</millis>
  <sequence>803</sequence>
  <logger>com.group_finity.mascot.config.Configuration</logger>
  <level>INFO</level>
  <class>com.group_finity.mascot.config.Configuration</class>
  <method>load</method>
  <thread>1</thread>
  <message>Configuration loaded successfully</message>
</record>
<record>
  <date>2024-07-22T12:46:17</date>
  <millis>1721666777664</millis>
  <sequence>804</sequence>
  <logger>com.group_finity.mascot.Main</logger>
  <level>INFO</level>
  <class>com.group_finity.mascot.Main</class>
  <method>createTrayIcon</method>
  <thread>1</thread>
  <message>create a tray icon</message>
</record>
<record>
  <date>2024-07-22T12:46:17</date>
  <millis>1721666777692</millis>
  <sequence>805</sequence>
  <logger>com.group_finity.mascot.Main</logger>
  <level>INFO</level>
  <class>com.group_finity.mascot.Main</class>
  <method>createMascot</method>
  <thread>1</thread>
  <message>create a mascot</message>
</record>
<record>
  <date>2024-07-22T12:46:17</date>
  <millis>1721666777706</millis>
  <sequence>806</sequence>
  <logger>com.group_finity.mascot.Mascot</logger>
  <level>INFO</level>
  <class>com.group_finity.mascot.Mascot</class>
  <method>&lt;init&gt;</method>
  <thread>1</thread>
  <message>Created a mascot (mascot1)</message>
</record>
<record>
  <date>2024-07-22T12:46:17</date>
  <millis>1721666777953</millis>
  <sequence>807</sequence>
  <logger>com.group_finity.mascot.behavior.UserBehavior</logger>
  <level>INFO</level>
  <class>com.group_finity.mascot.behavior.UserBehavior</class>
  <method>init</method>
  <thread>1</thread>
  <message>Default Behavior(mascot1,Behavior(SitAndSpinHead))</message>
</record>
<record>
  <date>2024-07-22T12:46:17</date>
  <millis>1721666777998</millis>
  <sequence>808</sequence>
  <logger>com.group_finity.mascot.behavior.UserBehavior</logger>
  <level>INFO</level>
  <class>com.group_finity.mascot.behavior.UserBehavior</class>
  <method>next</method>
  <thread>31</thread>
  <message>Lost Ground (mascot1,Behavior(SitAndSpinHead))</message>
</record>
<record>
  <date>2024-07-22T12:46:18</date>
  <millis>1721666778002</millis>
  <sequence>809</sequence>
  <logger>com.group_finity.mascot.behavior.UserBehavior</logger>
  <level>INFO</level>
  <class>com.group_finity.mascot.behavior.UserBehavior</class>
  <method>init</method>
  <thread>31</thread>
  <message>Default Behavior(mascot1,Behavior(Fall))</message>
</record>
<record>
  <date>2024-07-22T12:46:18</date>
  <millis>1721666778047</millis>
  <sequence>810</sequence>
  <logger>com.group_finity.mascot.behavior.UserBehavior</logger>
  <level>INFO</level>
  <class>com.group_finity.mascot.behavior.UserBehavior</class>
  <method>next</method>
  <thread>31</thread>
  <message>Out of the screen bounds(mascot1,Behavior(Fall))</message>
</record>
<record>
  <date>2024-07-22T12:46:18</date>
  <millis>1721666778047</millis>
  <sequence>811</sequence>
  <logger>com.group_finity.mascot.behavior.UserBehavior</logger>
  <level>INFO</level>
  <class>com.group_finity.mascot.behavior.UserBehavior</class>
  <method>init</method>
  <thread>31</thread>
  <message>Default Behavior(mascot1,Behavior(Fall))</message>
</record>
<record>
  <date>2024-07-22T12:46:22</date>
  <millis>1721666782238</millis>
  <sequence>812</sequence>
  <logger>com.group_finity.mascot.behavior.UserBehavior</logger>
  <level>INFO</level>
  <class>com.group_finity.mascot.behavior.UserBehavior</class>
  <method>init</method>
  <thread>30</thread>
  <message>Default Behavior(mascot1,Behavior(Dragged))</message>
</record>
<record>
  <date>2024-07-22T12:46:22</date>
  <millis>1721666782716</millis>
  <sequence>813</sequence>
  <logger>com.group_finity.mascot.behavior.UserBehavior</logger>
  <level>INFO</level>
  <class>com.group_finity.mascot.behavior.UserBehavior</class>
  <method>init</method>
  <thread>30</thread>
  <message>Default Behavior(mascot1,Behavior(Thrown))</message>
</record>
<record>
  <date>2024-07-22T12:46:26</date>
  <millis>1721666786197</millis>
  <sequence>814</sequence>
  <logger>com.group_finity.mascot.behavior.UserBehavior</logger>
  <level>INFO</level>
  <class>com.group_finity.mascot.behavior.UserBehavior</class>
  <method>init</method>
  <thread>30</thread>
  <message>Default Behavior(mascot1,Behavior(Dream))</message>
</record>
<record>
  <date>2024-07-22T12:46:28</date>
  <millis>1721666788237</millis>
  <sequence>815</sequence>
  <logger>com.group_finity.mascot.behavior.UserBehavior</logger>
  <level>INFO</level>
  <class>com.group_finity.mascot.behavior.UserBehavior</class>
  <method>next</method>
  <thread>31</thread>
  <message>Completed Behavior (mascot1,Behavior(Dream))</message>
</record>
<record>
  <date>2024-07-22T12:46:28</date>
  <millis>1721666788269</millis>
  <sequence>816</sequence>
  <logger>com.group_finity.mascot.behavior.UserBehavior</logger>
  <level>INFO</level>
  <class>com.group_finity.mascot.behavior.UserBehavior</class>
  <method>init</method>
  <thread>31</thread>
  <message>Default Behavior(mascot1,Behavior(Dream))</message>
</record>
<record>
  <date>2024-07-22T12:46:30</date>
  <millis>1721666790236</millis>
  <sequence>817</sequence>
  <logger>com.group_finity.mascot.behavior.UserBehavior</logger>
  <level>INFO</level>
  <class>com.group_finity.mascot.behavior.UserBehavior</class>
  <method>next</method>
  <thread>31</thread>
  <message>Completed Behavior (mascot1,Behavior(Dream))</message>
</record>
<record>
  <date>2024-07-22T12:46:30</date>
  <millis>1721666790242</millis>
  <sequence>818</sequence>
  <logger>com.group_finity.mascot.behavior.UserBehavior</logger>
  <level>INFO</level>
  <class>com.group_finity.mascot.behavior.UserBehavior</class>
  <method>init</method>
  <thread>31</thread>
  <message>Default Behavior(mascot1,Behavior(Dream))</message>
</record>
<record>
  <date>2024-07-22T12:46:32</date>
  <millis>1721666792234</millis>
  <sequence>819</sequence>
  <logger>com.group_finity.mascot.behavior.UserBehavior</logger>
  <level>INFO</level>
  <class>com.group_finity.mascot.behavior.UserBehavior</class>
  <method>next</method>
  <thread>31</thread>
  <message>Completed Behavior (mascot1,Behavior(Dream))</message>
</record>
<record>
  <date>2024-07-22T12:46:32</date>
  <millis>1721666792260</millis>
  <sequence>820</sequence>
  <logger>com.group_finity.mascot.behavior.UserBehavior</logger>
  <level>INFO</level>
  <class>com.group_finity.mascot.behavior.UserBehavior</class>
  <method>init</method>
  <thread>31</thread>
  <message>Default Behavior(mascot1,Behavior(Dream))</message>
</record>
<record>
  <date>2024-07-22T12:46:34</date>
  <millis>1721666794235</millis>
  <sequence>821</sequence>
  <logger>com.group_finity.mascot.behavior.UserBehavior</logger>
  <level>INFO</level>
  <class>com.group_finity.mascot.behavior.UserBehavior</class>
  <method>next</method>
  <thread>31</thread>
  <message>Completed Behavior (mascot1,Behavior(Dream))</message>
</record>
<record>
  <date>2024-07-22T12:46:34</date>
  <millis>1721666794261</millis>
  <sequence>822</sequence>
  <logger>com.group_finity.mascot.behavior.UserBehavior</logger>
  <level>INFO</level>
  <class>com.group_finity.mascot.behavior.UserBehavior</class>
  <method>init</method>
  <thread>31</thread>
  <message>Default Behavior(mascot1,Behavior(Dream))</message>
</record>
<record>
  <date>2024-07-22T12:46:36</date>
  <millis>1721666796235</millis>
  <sequence>823</sequence>
  <logger>com.group_finity.mascot.behavior.UserBehavior</logger>
  <level>INFO</level>
  <class>com.group_finity.mascot.behavior.UserBehavior</class>
  <method>next</method>
  <thread>31</thread>
  <message>Completed Behavior (mascot1,Behavior(Dream))</message>
</record>
<record>
  <date>2024-07-22T12:46:36</date>
  <millis>1721666796254</millis>
  <sequence>824</sequence>
  <logger>com.group_finity.mascot.behavior.UserBehavior</logger>
  <level>INFO</level>
  <class>com.group_finity.mascot.behavior.UserBehavior</class>
  <method>init</method>
  <thread>31</thread>
  <message>Default Behavior(mascot1,Behavior(Dream))</message>
</record>
<record>
  <date>2024-07-22T12:46:38</date>
  <millis>1721666798238</millis>
  <sequence>825</sequence>
  <logger>com.group_finity.mascot.behavior.UserBehavior</logger>
  <level>INFO</level>
  <class>com.group_finity.mascot.behavior.UserBehavior</class>
  <method>next</method>
  <thread>31</thread>
  <message>Completed Behavior (mascot1,Behavior(Dream))</message>
</record>
<record>
  <date>2024-07-22T12:46:38</date>
  <millis>1721666798260</millis>
  <sequence>826</sequence>
  <logger>com.group_finity.mascot.behavior.UserBehavior</logger>
  <level>INFO</level>
  <class>com.group_finity.mascot.behavior.UserBehavior</class>
  <method>init</method>
  <thread>31</thread>
  <message>Default Behavior(mascot1,Behavior(Dream))</message>
</record>
<record>
  <date>2024-07-22T12:46:40</date>
  <millis>1721666800234</millis>
  <sequence>827</sequence>
  <logger>com.group_finity.mascot.behavior.UserBehavior</logger>
  <level>INFO</level>
  <class>com.group_finity.mascot.behavior.UserBehavior</class>
  <method>next</method>
  <thread>31</thread>
  <message>Completed Behavior (mascot1,Behavior(Dream))</message>
</record>
<record>
  <date>2024-07-22T12:46:40</date>
  <millis>1721666800249</millis>
  <sequence>828</sequence>
  <logger>com.group_finity.mascot.behavior.UserBehavior</logger>
  <level>INFO</level>
  <class>com.group_finity.mascot.behavior.UserBehavior</class>
  <method>init</method>
  <thread>31</thread>
  <message>Default Behavior(mascot1,Behavior(Dream))</message>
</record>
<record>
  <date>2024-07-22T12:46:42</date>
  <millis>1721666802235</millis>
  <sequence>829</sequence>
  <logger>com.group_finity.mascot.behavior.UserBehavior</logger>
  <level>INFO</level>
  <class>com.group_finity.mascot.behavior.UserBehavior</class>
  <method>next</method>
  <thread>31</thread>
  <message>Completed Behavior (mascot1,Behavior(Dream))</message>
</record>
<record>
  <date>2024-07-22T12:46:42</date>
  <millis>1721666802259</millis>
  <sequence>830</sequence>
  <logger>com.group_finity.mascot.behavior.UserBehavior</logger>
  <level>INFO</level>
  <class>com.group_finity.mascot.behavior.UserBehavior</class>
  <method>init</method>
  <thread>31</thread>
  <message>Default Behavior(mascot1,Behavior(Dream))</message>
</record>
<record>
  <date>2024-07-22T12:46:44</date>
  <millis>1721666804238</millis>
  <sequence>831</sequence>
  <logger>com.group_finity.mascot.behavior.UserBehavior</logger>
  <level>INFO</level>
  <class>com.group_finity.mascot.behavior.UserBehavior</class>
  <method>next</method>
  <thread>31</thread>
  <message>Completed Behavior (mascot1,Behavior(Dream))</message>
</record>
<record>
  <date>2024-07-22T12:46:44</date>
  <millis>1721666804254</millis>
  <sequence>832</sequence>
  <logger>com.group_finity.mascot.behavior.UserBehavior</logger>
  <level>INFO</level>
  <class>com.group_finity.mascot.behavior.UserBehavior</class>
  <method>init</method>
  <thread>31</thread>
  <message>Default Behavior(mascot1,Behavior(Dream))</message>
</record>
<record>
  <date>2024-07-22T12:46:46</date>
  <millis>1721666806235</millis>
  <sequence>833</sequence>
  <logger>com.group_finity.mascot.behavior.UserBehavior</logger>
  <level>INFO</level>
  <class>com.group_finity.mascot.behavior.UserBehavior</class>
  <method>next</method>
  <thread>31</thread>
  <message>Completed Behavior (mascot1,Behavior(Dream))</message>
</record>
<record>
  <date>2024-07-22T12:46:46</date>
  <millis>1721666806244</millis>
  <sequence>834</sequence>
  <logger>com.group_finity.mascot.behavior.UserBehavior</logger>
  <level>INFO</level>
  <class>com.group_finity.mascot.behavior.UserBehavior</class>
  <method>init</method>
  <thread>31</thread>
  <message>Default Behavior(mascot1,Behavior(Dream))</message>
</record>
<record>
  <date>2024-07-22T12:46:48</date>
  <millis>1721666808234</millis>
  <sequence>835</sequence>
  <logger>com.group_finity.mascot.behavior.UserBehavior</logger>
  <level>INFO</level>
  <class>com.group_finity.mascot.behavior.UserBehavior</class>
  <method>next</method>
  <thread>31</thread>
  <message>Completed Behavior (mascot1,Behavior(Dream))</message>
</record>
<record>
  <date>2024-07-22T12:46:48</date>
  <millis>1721666808246</millis>
  <sequence>836</sequence>
  <logger>com.group_finity.mascot.behavior.UserBehavior</logger>
  <level>INFO</level>
  <class>com.group_finity.mascot.behavior.UserBehavior</class>
  <method>init</method>
  <thread>31</thread>
  <message>Default Behavior(mascot1,Behavior(Dream))</message>
</record>
<record>
  <date>2024-07-22T12:46:50</date>
  <millis>1721666810236</millis>
  <sequence>837</sequence>
  <logger>com.group_finity.mascot.behavior.UserBehavior</logger>
  <level>INFO</level>
  <class>com.group_finity.mascot.behavior.UserBehavior</class>
  <method>next</method>
  <thread>31</thread>
  <message>Completed Behavior (mascot1,Behavior(Dream))</message>
</record>
<record>
  <date>2024-07-22T12:46:50</date>
  <millis>1721666810250</millis>
  <sequence>838</sequence>
  <logger>com.group_finity.mascot.behavior.UserBehavior</logger>
  <level>INFO</level>
  <class>com.group_finity.mascot.behavior.UserBehavior</class>
  <method>init</method>
  <thread>31</thread>
  <message>Default Behavior(mascot1,Behavior(Dream))</message>
</record>
<record>
  <date>2024-07-22T12:46:52</date>
  <millis>1721666812237</millis>
  <sequence>839</sequence>
  <logger>com.group_finity.mascot.behavior.UserBehavior</logger>
  <level>INFO</level>
  <class>com.group_finity.mascot.behavior.UserBehavior</class>
  <method>next</method>
  <thread>31</thread>
  <message>Completed Behavior (mascot1,Behavior(Dream))</message>
</record>
<record>
  <date>2024-07-22T12:46:52</date>
  <millis>1721666812254</millis>
  <sequence>840</sequence>
  <logger>com.group_finity.mascot.behavior.UserBehavior</logger>
  <level>INFO</level>
  <class>com.group_finity.mascot.behavior.UserBehavior</class>
  <method>init</method>
  <thread>31</thread>
  <message>Default Behavior(mascot1,Behavior(Dream))</message>
</record>
<record>
  <date>2024-07-22T12:46:54</date>
  <millis>1721666814235</millis>
  <sequence>841</sequence>
  <logger>com.group_finity.mascot.behavior.UserBehavior</logger>
  <level>INFO</level>
  <class>com.group_finity.mascot.behavior.UserBehavior</class>
  <method>next</method>
  <thread>31</thread>
  <message>Completed Behavior (mascot1,Behavior(Dream))</message>
</record>
<record>
  <date>2024-07-22T12:46:54</date>
  <millis>1721666814251</millis>
  <sequence>842</sequence>
  <logger>com.group_finity.mascot.behavior.UserBehavior</logger>
  <level>INFO</level>
  <class>com.group_finity.mascot.behavior.UserBehavior</class>
  <method>init</method>
  <thread>31</thread>
  <message>Default Behavior(mascot1,Behavior(Dream))</message>
</record>
<record>
  <date>2024-07-22T12:46:56</date>
  <millis>1721666816235</millis>
  <sequence>843</sequence>
  <logger>com.group_finity.mascot.behavior.UserBehavior</logger>
  <level>INFO</level>
  <class>com.group_finity.mascot.behavior.UserBehavior</class>
  <method>next</method>
  <thread>31</thread>
  <message>Completed Behavior (mascot1,Behavior(Dream))</message>
</record>
<record>
  <date>2024-07-22T12:46:56</date>
  <millis>1721666816252</millis>
  <sequence>844</sequence>
  <logger>com.group_finity.mascot.behavior.UserBehavior</logger>
  <level>INFO</level>
  <class>com.group_finity.mascot.behavior.UserBehavior</class>
  <method>init</method>
  <thread>31</thread>
  <message>Default Behavior(mascot1,Behavior(Dream))</message>
</record>
<record>
  <date>2024-07-22T12:46:58</date>
  <millis>1721666818233</millis>
  <sequence>845</sequence>
  <logger>com.group_finity.mascot.behavior.UserBehavior</logger>
  <level>INFO</level>
  <class>com.group_finity.mascot.behavior.UserBehavior</class>
  <method>next</method>
  <thread>31</thread>
  <message>Completed Behavior (mascot1,Behavior(Dream))</message>
</record>
<record>
  <date>2024-07-22T12:46:58</date>
  <millis>1721666818243</millis>
  <sequence>846</sequence>
  <logger>com.group_finity.mascot.behavior.UserBehavior</logger>
  <level>INFO</level>
  <class>com.group_finity.mascot.behavior.UserBehavior</class>
  <method>init</method>
  <thread>31</thread>
  <message>Default Behavior(mascot1,Behavior(Dream))</message>
</record>
<record>
  <date>2024-07-22T12:47:00</date>
  <millis>1721666820234</millis>
  <sequence>847</sequence>
  <logger>com.group_finity.mascot.behavior.UserBehavior</logger>
  <level>INFO</level>
  <class>com.group_finity.mascot.behavior.UserBehavior</class>
  <method>next</method>
  <thread>31</thread>
  <message>Completed Behavior (mascot1,Behavior(Dream))</message>
</record>
<record>
  <date>2024-07-22T12:47:00</date>
  <millis>1721666820253</millis>
  <sequence>848</sequence>
  <logger>com.group_finity.mascot.behavior.UserBehavior</logger>
  <level>INFO</level>
  <class>com.group_finity.mascot.behavior.UserBehavior</class>
  <method>init</method>
  <thread>31</thread>
  <message>Default Behavior(mascot1,Behavior(Dream))</message>
</record>
<record>
  <date>2024-07-22T12:47:02</date>
  <millis>1721666822235</millis>
  <sequence>849</sequence>
  <logger>com.group_finity.mascot.behavior.UserBehavior</logger>
  <level>INFO</level>
  <class>com.group_finity.mascot.behavior.UserBehavior</class>
  <method>next</method>
  <thread>31</thread>
  <message>Completed Behavior (mascot1,Behavior(Dream))</message>
</record>
<record>
  <date>2024-07-22T12:47:02</date>
  <millis>1721666822281</millis>
  <sequence>850</sequence>
  <logger>com.group_finity.mascot.behavior.UserBehavior</logger>
  <level>INFO</level>
  <class>com.group_finity.mascot.behavior.UserBehavior</class>
  <method>init</method>
  <thread>31</thread>
  <message>Default Behavior(mascot1,Behavior(Dream))</message>
</record>
<record>
  <date>2024-07-22T12:47:04</date>
  <millis>1721666824234</millis>
  <sequence>851</sequence>
  <logger>com.group_finity.mascot.behavior.UserBehavior</logger>
  <level>INFO</level>
  <class>com.group_finity.mascot.behavior.UserBehavior</class>
  <method>next</method>
  <thread>31</thread>
  <message>Completed Behavior (mascot1,Behavior(Dream))</message>
</record>
<record>
  <date>2024-07-22T12:47:04</date>
  <millis>1721666824237</millis>
  <sequence>852</sequence>
  <logger>com.group_finity.mascot.behavior.UserBehavior</logger>
  <level>INFO</level>
  <class>com.group_finity.mascot.behavior.UserBehavior</class>
  <method>init</method>
  <thread>31</thread>
  <message>Default Behavior(mascot1,Behavior(Dream))</message>
</record>
<record>
  <date>2024-07-22T12:47:06</date>
  <millis>1721666826234</millis>
  <sequence>853</sequence>
  <logger>com.group_finity.mascot.behavior.UserBehavior</logger>
  <level>INFO</level>
  <class>com.group_finity.mascot.behavior.UserBehavior</class>
  <method>next</method>
  <thread>31</thread>
  <message>Completed Behavior (mascot1,Behavior(Dream))</message>
</record>
<record>
  <date>2024-07-22T12:47:06</date>
  <millis>1721666826249</millis>
  <sequence>854</sequence>
  <logger>com.group_finity.mascot.behavior.UserBehavior</logger>
  <level>INFO</level>
  <class>com.group_finity.mascot.behavior.UserBehavior</class>
  <method>init</method>
  <thread>31</thread>
  <message>Default Behavior(mascot1,Behavior(Dream))</message>
</record>
<record>
  <date>2024-07-22T12:47:08</date>
  <millis>1721666828238</millis>
  <sequence>855</sequence>
  <logger>com.group_finity.mascot.behavior.UserBehavior</logger>
  <level>INFO</level>
  <class>com.group_finity.mascot.behavior.UserBehavior</class>
  <method>next</method>
  <thread>31</thread>
  <message>Completed Behavior (mascot1,Behavior(Dream))</message>
</record>
<record>
  <date>2024-07-22T12:47:08</date>
  <millis>1721666828248</millis>
  <sequence>856</sequence>
  <logger>com.group_finity.mascot.behavior.UserBehavior</logger>
  <level>INFO</level>
  <class>com.group_finity.mascot.behavior.UserBehavior</class>
  <method>init</method>
  <thread>31</thread>
  <message>Default Behavior(mascot1,Behavior(Dream))</message>
</record>
<record>
  <date>2024-07-22T12:47:09</date>
  <millis>1721666829255</millis>
  <sequence>857</sequence>
  <logger>com.group_finity.mascot.Mascot</logger>
  <level>INFO</level>
  <class>com.group_finity.mascot.Mascot</class>
  <method>dispose</method>
  <thread>30</thread>
  <message>destroy mascot (mascot1)</message>
</record>
</log>
